#
# A fatal error has been detected by the Java Runtime Environment:
#
#  SIGSEGV (0xb) at pc=0x00007f2174c144ba, pid=16470, tid=139780717278976
#
# JRE version: OpenJDK Runtime Environment (7.0_101) (build 1.7.0_101-b00)
# Java VM: OpenJDK 64-Bit Server VM (24.95-b01 mixed mode linux-amd64 compressed oops)
# Derivative: IcedTea 2.6.6
# Distribution: Ubuntu 14.04 LTS, package 7u101-2.6.6-0ubuntu0.14.04.1
# Problematic frame:
# v  ~BufferBlob::jni_fast_GetLongField
#
# Failed to write core dump. Core dumps have been disabled. To enable core dumping, try "ulimit -c unlimited" before starting Java again
#
# If you would like to submit a bug report, please include
# instructions on how to reproduce the bug and visit:
#   http://icedtea.classpath.org/bugzilla
# The crash happened outside the Java Virtual Machine in native code.
# See problematic frame for where to report the bug.
#

---------------  T H R E A D  ---------------

Current thread (0x00000000028e5000):  JavaThread "AWT-XAWT" daemon [_thread_in_native, id=16487, stack(0x00007f213beff000,0x00007f213c000000)]

siginfo:si_signo=SIGSEGV: si_errno=0, si_code=1 (SEGV_MAPERR), si_addr=0x0000000000000000

Registers:
RAX=0x00007f2188f43140, RBX=0x00000000028e51d8, RCX=0x00007f2187e6f320, RDX=0x0000000000000042
RSP=0x00007f213bffe838, RBP=0x00007f213bffe860, RSI=0x0000000000000000, RDI=0x00000000028e51d8
R8 =0x0000000000000320, R9 =0x0000000000000000, R10=0x000000000000024c, R11=0x00000000000001f4
R12=0x00007f21303f1fb0, R13=0x0000000000000000, R14=0x00007f2171b0cd60, R15=0x00000000028e5000
RIP=0x00007f2174c144ba, EFLAGS=0x0000000000010246, CSGSFS=0x0000000000000033, ERR=0x0000000000000004
  TRAPNO=0x000000000000000e

Top of Stack: (sp=0x00007f213bffe838)
0x00007f213bffe838:   00007f21718de5f4 0000000000000000
0x00007f213bffe848:   00007f21303f1fb0 00007f2174e01d68
0x00007f213bffe858:   00007f213bffe8e0 0000000000000000
0x00007f213bffe868:   00007f2186600ae8 0000000000000000
0x00007f213bffe878:   00007f213bffe8a0 0000000000000000
0x00007f213bffe888:   00007f21865f89a3 00007f2174e01d68
0x00007f213bffe898:   00007f21718d30df 00007f213bffe8f0
0x00007f213bffe8a8:   00007f2174c88cd6 00000000f039ce50
0x00007f213bffe8b8:   00007f2174e01d68 0000000000000000
0x00007f213bffe8c8:   0000000000000000 0000000000000000
0x00007f213bffe8d8:   0000000000000000 00000000f0366550
0x00007f213bffe8e8:   00000000f02cb140 00000000f039ce50
0x00007f213bffe8f8:   00007f2174e0212c 00000000f07d8b58
0x00007f213bffe908:   00007f2100000000 00000000f02cb140
0x00007f213bffe918:   00007f2100000000 0000000000000000
0x00007f213bffe928:   00000000f1b4de38 0000000000000000
0x00007f213bffe938:   0000000000000000 00007f213bffe9a0
0x00007f213bffe948:   00007f2174bbf170 0000000000000000
0x00007f213bffe958:   00000000f07d8b58 00007f213bffe960
0x00007f213bffe968:   00000000e600028d 00007f213bffe9b0
0x00007f213bffe978:   00000000e60209c8 0000000000000000
0x00007f213bffe988:   00000000e60002a8 00007f213bffe950
0x00007f213bffe998:   00007f213bffe9b0 00007f213bffe9f8
0x00007f213bffe9a8:   00007f2174bbf8dc 00000000f07d8b58
0x00007f213bffe9b8:   00007f213bffe9b8 00000000e5a3c5cb
0x00007f213bffe9c8:   00007f213bffea08 00000000e5ac9a00
0x00007f213bffe9d8:   0000000000000000 00000000e5a3c5e8
0x00007f213bffe9e8:   00007f213bffe9b0 00007f213bffea08
0x00007f213bffe9f8:   00007f213bffea70 00007f2174bb94e7
0x00007f213bffea08:   00000000f02caf78 00007f2100001fa0
0x00007f213bffea18:   00007f213bffeab0 00007f213bffecd0
0x00007f213bffea28:   00007f213bffec00 00000000028e5000 

Instructions: (pc=0x00007f2174c144ba)
0x00007f2174c1449a:   00 00 00 00 00 00 44 8b 15 fd 94 35 14 4c 8b ce
0x00007f2174c144aa:   41 f6 c2 01 0f 85 2e 00 00 00 4d 33 ca 4d 33 ca
0x00007f2174c144ba:   4d 8b 09 4c 8b da 49 c1 eb 02 4b 8b 04 19 49 bb
0x00007f2174c144ca:   a4 d9 f6 88 21 7f 00 00 4c 33 d8 4c 33 d8 45 3b 

Register to memory mapping:

RAX=0x00007f2188f43140: <offset 0xdcb140> in /usr/lib/jvm/java-7-openjdk-amd64/jre/lib/amd64/server/libjvm.so at 0x00007f2188178000
RBX=0x00000000028e51d8 is an unknown value
RCX=0x00007f2187e6f320: <offset 0x219320> in /lib/x86_64-linux-gnu/libpthread.so.0 at 0x00007f2187c56000
RDX=0x0000000000000042 is an unknown value
RSP=0x00007f213bffe838 is pointing into the stack for thread: 0x00000000028e5000
RBP=0x00007f213bffe860 is pointing into the stack for thread: 0x00000000028e5000
RSI=0x0000000000000000 is an unknown value
RDI=0x00000000028e51d8 is an unknown value
R8 =0x0000000000000320 is an unknown value
R9 =0x0000000000000000 is an unknown value
R10=0x000000000000024c is an unknown value
R11=0x00000000000001f4 is an unknown value
R12=0x00007f21303f1fb0 is an unknown value
R13=0x0000000000000000 is an unknown value
R14=0x00007f2171b0cd60: <offset 0x24ad60> in /usr/lib/jvm/java-7-openjdk-amd64/jre/lib/amd64/xawt/libmawt.so at 0x00007f21718c2000
R15=0x00000000028e5000 is a thread


Stack: [0x00007f213beff000,0x00007f213c000000],  sp=0x00007f213bffe838,  free space=1022k
Native frames: (J=compiled Java code, j=interpreted, Vv=VM code, C=native code)
v  ~BufferBlob::jni_fast_GetLongField

Java frames: (J=compiled Java code, j=interpreted, Vv=VM code)
J 693  sun.awt.X11.XlibWrapper.XFilterEvent(JJ)Z (0 bytes) @ 0x00007f2174c88c64 [0x00007f2174c88c20+0x44]
J 694% C2 sun.awt.X11.XToolkit.run(Z)V (410 bytes) @ 0x00007f2174e0212c [0x00007f2174e01980+0x7ac]
j  sun.awt.X11.XToolkit.run()V+5
j  java.lang.Thread.run()V+11
v  ~StubRoutines::call_stub

---------------  P R O C E S S  ---------------

Java Threads: ( => current thread )
  0x00007f213400c000 JavaThread "AWT-EventQueue-0" [_thread_blocked, id=31508, stack(0x00007f210eefd000,0x00007f210effe000)]
  0x00007f213400b000 JavaThread "AWT-Shutdown" [_thread_blocked, id=31505, stack(0x00007f211c0eb000,0x00007f211c1ec000)]
  0x00007f21303f7000 JavaThread "SwingWorker-pool-1-thread-1" daemon [_thread_blocked, id=16505, stack(0x00007f211c2ed000,0x00007f211c3ee000)]
  0x00007f213033d000 JavaThread "TimerQueue" daemon [_thread_blocked, id=16498, stack(0x00007f211c1ec000,0x00007f211c2ed000)]
  0x0000000002a31800 JavaThread "main-SharedResourceRunner" daemon [_thread_blocked, id=16490, stack(0x00007f2139877000,0x00007f2139978000)]
=>0x00000000028e5000 JavaThread "AWT-XAWT" daemon [_thread_in_native, id=16487, stack(0x00007f213beff000,0x00007f213c000000)]
  0x00000000028cc800 JavaThread "Java2D Disposer" daemon [_thread_blocked, id=16486, stack(0x00007f2170478000,0x00007f2170579000)]
  0x000000000264a000 JavaThread "Service Thread" daemon [_thread_blocked, id=16484, stack(0x00007f2171f99000,0x00007f217209a000)]
  0x0000000002647800 JavaThread "C2 CompilerThread1" daemon [_thread_blocked, id=16483, stack(0x00007f217209a000,0x00007f217219b000)]
  0x0000000002644800 JavaThread "C2 CompilerThread0" daemon [_thread_blocked, id=16482, stack(0x00007f217219b000,0x00007f217229c000)]
  0x0000000002642800 JavaThread "Attach Listener" daemon [_thread_blocked, id=16481, stack(0x00007f217229c000,0x00007f217239d000)]
  0x0000000002616800 JavaThread "Finalizer" daemon [_thread_blocked, id=16480, stack(0x00007f217239d000,0x00007f217249e000)]
  0x0000000002614800 JavaThread "Reference Handler" daemon [_thread_blocked, id=16479, stack(0x00007f217249e000,0x00007f217259f000)]
  0x0000000002562000 JavaThread "main" [_thread_in_native, id=16470, stack(0x00007ffe6b631000,0x00007ffe6b731000)]

Other Threads:
  0x0000000002610800 VMThread [stack: 0x00007f217259f000,0x00007f21726a0000] [id=16478]
  0x0000000002655000 WatcherThread [stack: 0x00007f2171e98000,0x00007f2171f99000] [id=16485]

VM state:not at safepoint (normal execution)

VM Mutex/Monitor currently owned by a thread: None

Heap
 PSYoungGen      total 67584K, used 27999K [0x00000000faa80000, 0x0000000100000000, 0x0000000100000000)
  eden space 62464K, 44% used [0x00000000faa80000,0x00000000fc5d7f90,0x00000000fe780000)
  from space 5120K, 0% used [0x00000000fe980000,0x00000000fe980000,0x00000000fee80000)
  to   space 17920K, 0% used [0x00000000fee80000,0x00000000fee80000,0x0000000100000000)
 ParOldGen       total 103424K, used 31232K [0x00000000f0000000, 0x00000000f6500000, 0x00000000faa80000)
  object space 103424K, 30% used [0x00000000f0000000,0x00000000f1e80340,0x00000000f6500000)
 PSPermGen       total 69120K, used 35782K [0x00000000e5a00000, 0x00000000e9d80000, 0x00000000f0000000)
  object space 69120K, 51% used [0x00000000e5a00000,0x00000000e7cf1810,0x00000000e9d80000)

Card table byte_map: [0x00007f2174ae5000,0x00007f2174bb9000] byte_map_base: 0x00007f21743b8000

Polling page: 0x00007f21935c6000

Code Cache  [0x00007f2174bb9000, 0x00007f2174e29000, 0x00007f2177bb9000)
 total_blobs=1530 nmethods=616 adapters=867 free_code_cache=46820Kb largest_free_block=47887808

Compilation events (10 events):
Event: 2424.398 Thread 0x0000000002647800 nmethod 690 0x00007f2174df1390 code [0x00007f2174df14c0, 0x00007f2174df1558]
Event: 2424.398 Thread 0x0000000002647800  691             sun.awt.X11.XDragSourceContextPeer::getProxyModeSourceWindow (5 bytes)
Event: 2424.399 Thread 0x0000000002647800 nmethod 691 0x00007f2174c88890 code [0x00007f2174c889c0, 0x00007f2174c88a18]
Event: 2424.399 Thread 0x0000000002647800  692             sun.awt.X11.XEvent::getPData (5 bytes)
Event: 2424.399 Thread 0x0000000002647800 nmethod 692 0x00007f2174c93bd0 code [0x00007f2174c93d00, 0x00007f2174c93d58]
Event: 2424.400 Thread 0x0000000002644800 nmethod 688 0x00007f2174df2710 code [0x00007f2174df28c0, 0x00007f2174df2b70]
Event: 2966.599 Thread 0x0000000002647800  694 % !         sun.awt.X11.XToolkit::run @ 8 (410 bytes)
Event: 2966.725 Thread 0x0000000002647800 nmethod 694% 0x00007f2174e01410 code [0x00007f2174e01980, 0x00007f2174e03c68]
Event: 3048.748 Thread 0x0000000002644800  695 % !         sun.awt.X11.XToolkit::run @ 59 (410 bytes)
Event: 3048.807 Thread 0x0000000002644800 nmethod 695% 0x00007f2174e07850 code [0x00007f2174e07da0, 0x00007f2174e09df8]

GC Heap History (10 events):
Event: 2.604 GC heap before
{Heap before GC invocations=2 (full 0):
 PSYoungGen      total 37376K, used 37373K [0x00000000faa80000, 0x00000000fd400000, 0x0000000100000000)
  eden space 32256K, 100% used [0x00000000faa80000,0x00000000fca00000,0x00000000fca00000)
  from space 5120K, 99% used [0x00000000fca00000,0x00000000fceff7b0,0x00000000fcf00000)
  to   space 5120K, 0% used [0x00000000fcf00000,0x00000000fcf00000,0x00000000fd400000)
 ParOldGen       total 84480K, used 2794K [0x00000000f0000000, 0x00000000f5280000, 0x00000000faa80000)
  object space 84480K, 3% used [0x00000000f0000000,0x00000000f02baa38,0x00000000f5280000)
 PSPermGen       total 24576K, used 24415K [0x00000000e5a00000, 0x00000000e7200000, 0x00000000f0000000)
  object space 24576K, 99% used [0x00000000e5a00000,0x00000000e71d7d68,0x00000000e7200000)
Event: 2.616 GC heap after
Heap after GC invocations=2 (full 0):
 PSYoungGen      total 37376K, used 5088K [0x00000000faa80000, 0x00000000ff380000, 0x0000000100000000)
  eden space 32256K, 0% used [0x00000000faa80000,0x00000000faa80000,0x00000000fca00000)
  from space 5120K, 99% used [0x00000000fcf00000,0x00000000fd3f8010,0x00000000fd400000)
  to   space 5120K, 0% used [0x00000000fca00000,0x00000000fca00000,0x00000000fcf00000)
 ParOldGen       total 84480K, used 4306K [0x00000000f0000000, 0x00000000f5280000, 0x00000000faa80000)
  object space 84480K, 5% used [0x00000000f0000000,0x00000000f0434ba0,0x00000000f5280000)
 PSPermGen       total 24576K, used 24415K [0x00000000e5a00000, 0x00000000e7200000, 0x00000000f0000000)
  object space 24576K, 99% used [0x00000000e5a00000,0x00000000e71d7d68,0x00000000e7200000)
}
Event: 3.210 GC heap before
{Heap before GC invocations=3 (full 0):
 PSYoungGen      total 37376K, used 37344K [0x00000000faa80000, 0x00000000ff380000, 0x0000000100000000)
  eden space 32256K, 100% used [0x00000000faa80000,0x00000000fca00000,0x00000000fca00000)
  from space 5120K, 99% used [0x00000000fcf00000,0x00000000fd3f8010,0x00000000fd400000)
  to   space 5120K, 0% used [0x00000000fca00000,0x00000000fca00000,0x00000000fcf00000)
 ParOldGen       total 84480K, used 4306K [0x00000000f0000000, 0x00000000f5280000, 0x00000000faa80000)
  object space 84480K, 5% used [0x00000000f0000000,0x00000000f0434ba0,0x00000000f5280000)
 PSPermGen       total 28160K, used 27815K [0x00000000e5a00000, 0x00000000e7580000, 0x00000000f0000000)
  object space 28160K, 98% used [0x00000000e5a00000,0x00000000e7529d18,0x00000000e7580000)
Event: 3.222 GC heap after
Heap after GC invocations=3 (full 0):
 PSYoungGen      total 37376K, used 5104K [0x00000000faa80000, 0x00000000ff380000, 0x0000000100000000)
  eden space 32256K, 0% used [0x00000000faa80000,0x00000000faa80000,0x00000000fca00000)
  from space 5120K, 99% used [0x00000000fca00000,0x00000000fcefc060,0x00000000fcf00000)
  to   space 5120K, 0% used [0x00000000fee80000,0x00000000fee80000,0x00000000ff380000)
 ParOldGen       total 84480K, used 5603K [0x00000000f0000000, 0x00000000f5280000, 0x00000000faa80000)
  object space 84480K, 6% used [0x00000000f0000000,0x00000000f0578f88,0x00000000f5280000)
 PSPermGen       total 28160K, used 27815K [0x00000000e5a00000, 0x00000000e7580000, 0x00000000f0000000)
  object space 28160K, 98% used [0x00000000e5a00000,0x00000000e7529d18,0x00000000e7580000)
}
Event: 7.022 GC heap before
{Heap before GC invocations=4 (full 0):
 PSYoungGen      total 37376K, used 37360K [0x00000000faa80000, 0x00000000ff380000, 0x0000000100000000)
  eden space 32256K, 100% used [0x00000000faa80000,0x00000000fca00000,0x00000000fca00000)
  from space 5120K, 99% used [0x00000000fca00000,0x00000000fcefc060,0x00000000fcf00000)
  to   space 5120K, 0% used [0x00000000fee80000,0x00000000fee80000,0x00000000ff380000)
 ParOldGen       total 84480K, used 5603K [0x00000000f0000000, 0x00000000f5280000, 0x00000000faa80000)
  object space 84480K, 6% used [0x00000000f0000000,0x00000000f0578f88,0x00000000f5280000)
 PSPermGen       total 31232K, used 31109K [0x00000000e5a00000, 0x00000000e7880000, 0x00000000f0000000)
  object space 31232K, 99% used [0x00000000e5a00000,0x00000000e78614c8,0x00000000e7880000)
Event: 7.040 GC heap after
Heap after GC invocations=4 (full 0):
 PSYoungGen      total 69632K, used 5117K [0x00000000faa80000, 0x00000000ff380000, 0x0000000100000000)
  eden space 64512K, 0% used [0x00000000faa80000,0x00000000faa80000,0x00000000fe980000)
  from space 5120K, 99% used [0x00000000fee80000,0x00000000ff37f558,0x00000000ff380000)
  to   space 5120K, 0% used [0x00000000fe980000,0x00000000fe980000,0x00000000fee80000)
 ParOldGen       total 84480K, used 30455K [0x00000000f0000000, 0x00000000f5280000, 0x00000000faa80000)
  object space 84480K, 36% used [0x00000000f0000000,0x00000000f1dbdc30,0x00000000f5280000)
 PSPermGen       total 31232K, used 31109K [0x00000000e5a00000, 0x00000000e7880000, 0x00000000f0000000)
  object space 31232K, 99% used [0x00000000e5a00000,0x00000000e78614c8,0x00000000e7880000)
}
Event: 95.677 GC heap before
{Heap before GC invocations=5 (full 0):
 PSYoungGen      total 69632K, used 69629K [0x00000000faa80000, 0x00000000ff380000, 0x0000000100000000)
  eden space 64512K, 100% used [0x00000000faa80000,0x00000000fe980000,0x00000000fe980000)
  from space 5120K, 99% used [0x00000000fee80000,0x00000000ff37f558,0x00000000ff380000)
  to   space 5120K, 0% used [0x00000000fe980000,0x00000000fe980000,0x00000000fee80000)
 ParOldGen       total 84480K, used 30455K [0x00000000f0000000, 0x00000000f5280000, 0x00000000faa80000)
  object space 84480K, 36% used [0x00000000f0000000,0x00000000f1dbdc30,0x00000000f5280000)
 PSPermGen       total 34816K, used 34435K [0x00000000e5a00000, 0x00000000e7c00000, 0x00000000f0000000)
  object space 34816K, 98% used [0x00000000e5a00000,0x00000000e7ba0e80,0x00000000e7c00000)
Event: 95.703 GC heap after
Heap after GC invocations=5 (full 0):
 PSYoungGen      total 67584K, used 5117K [0x00000000faa80000, 0x0000000100000000, 0x0000000100000000)
  eden space 62464K, 0% used [0x00000000faa80000,0x00000000faa80000,0x00000000fe780000)
  from space 5120K, 99% used [0x00000000fe980000,0x00000000fee7f5d0,0x00000000fee80000)
  to   space 17920K, 0% used [0x00000000fee80000,0x00000000fee80000,0x0000000100000000)
 ParOldGen       total 84480K, used 59535K [0x00000000f0000000, 0x00000000f5280000, 0x00000000faa80000)
  object space 84480K, 70% used [0x00000000f0000000,0x00000000f3a23c68,0x00000000f5280000)
 PSPermGen       total 34816K, used 34435K [0x00000000e5a00000, 0x00000000e7c00000, 0x00000000f0000000)
  object space 34816K, 98% used [0x00000000e5a00000,0x00000000e7ba0e80,0x00000000e7c00000)
}
Event: 95.703 GC heap before
{Heap before GC invocations=6 (full 1):
 PSYoungGen      total 67584K, used 5117K [0x00000000faa80000, 0x0000000100000000, 0x0000000100000000)
  eden space 62464K, 0% used [0x00000000faa80000,0x00000000faa80000,0x00000000fe780000)
  from space 5120K, 99% used [0x00000000fe980000,0x00000000fee7f5d0,0x00000000fee80000)
  to   space 17920K, 0% used [0x00000000fee80000,0x00000000fee80000,0x0000000100000000)
 ParOldGen       total 84480K, used 59535K [0x00000000f0000000, 0x00000000f5280000, 0x00000000faa80000)
  object space 84480K, 70% used [0x00000000f0000000,0x00000000f3a23c68,0x00000000f5280000)
 PSPermGen       total 34816K, used 34435K [0x00000000e5a00000, 0x00000000e7c00000, 0x00000000f0000000)
  object space 34816K, 98% used [0x00000000e5a00000,0x00000000e7ba0e80,0x00000000e7c00000)
Event: 95.881 GC heap after
Heap after GC invocations=6 (full 1):
 PSYoungGen      total 67584K, used 0K [0x00000000faa80000, 0x0000000100000000, 0x0000000100000000)
  eden space 62464K, 0% used [0x00000000faa80000,0x00000000faa80000,0x00000000fe780000)
  from space 5120K, 0% used [0x00000000fe980000,0x00000000fe980000,0x00000000fee80000)
  to   space 17920K, 0% used [0x00000000fee80000,0x00000000fee80000,0x0000000100000000)
 ParOldGen       total 103424K, used 31232K [0x00000000f0000000, 0x00000000f6500000, 0x00000000faa80000)
  object space 103424K, 30% used [0x00000000f0000000,0x00000000f1e80340,0x00000000f6500000)
 PSPermGen       total 69120K, used 34423K [0x00000000e5a00000, 0x00000000e9d80000, 0x00000000f0000000)
  object space 69120K, 49% used [0x00000000e5a00000,0x00000000e7b9dff8,0x00000000e9d80000)
}

Deoptimization events (10 events):
Event: 245.173 Thread 0x00000000028ea000 Uncommon trap: reason=class_check action=maybe_recompile pc=0x00007f2174ca6798 method=com.sun.org.apache.xerces.internal.dom.DeepNodeListImpl.nextMatchingElementAfter(Lorg/w3c/dom/Node;)Lorg/w3c/dom/Node; @ 126
Event: 245.177 Thread 0x00000000028ea000 Uncommon trap: reason=class_check action=maybe_recompile pc=0x00007f2174ca6798 method=com.sun.org.apache.xerces.internal.dom.DeepNodeListImpl.nextMatchingElementAfter(Lorg/w3c/dom/Node;)Lorg/w3c/dom/Node; @ 126
Event: 245.202 Thread 0x00000000028ea000 Uncommon trap: reason=unstable_if action=reinterpret pc=0x00007f2174d92e68 method=java.util.ArrayList.indexOf(Ljava/lang/Object;)I @ 1
Event: 245.334 Thread 0x00000000028ea000 Uncommon trap: reason=class_check action=maybe_recompile pc=0x00007f2174d61e34 method=sun.awt.SunToolkit.getContainingWindow(Ljava/awt/Component;)Ljava/awt/Window; @ 20
Event: 245.334 Thread 0x00000000028ea000 Uncommon trap: reason=class_check action=maybe_recompile pc=0x00007f2174d61e34 method=sun.awt.SunToolkit.getContainingWindow(Ljava/awt/Component;)Ljava/awt/Window; @ 20
Event: 245.366 Thread 0x00000000028ea000 Uncommon trap: reason=unstable_if action=reinterpret pc=0x00007f2174ddfe48 method=javax.swing.RepaintManager.addDirtyRegion0(Ljava/awt/Container;IIII)V @ 69
Event: 3950.716 Thread 0x00000000028e5000 Uncommon trap: reason=unstable_if action=reinterpret pc=0x00007f2174dfb160 method=sun.awt.X11.XDropTargetEventProcessor.doProcessEvent(Lsun/awt/X11/XEvent;)Z @ 6
Event: 3950.716 Thread 0x00000000028e5000 Uncommon trap: reason=class_check action=maybe_recompile pc=0x00007f2174df50b0 method=sun.awt.X11.XToolkit.dispatchEvent(Lsun/awt/X11/XEvent;)V @ 159
Event: 3951.107 Thread 0x00000000028e5000 Uncommon trap: reason=class_check action=maybe_recompile pc=0x00007f2174df50b0 method=sun.awt.X11.XToolkit.dispatchEvent(Lsun/awt/X11/XEvent;)V @ 159
Event: 3951.315 Thread 0x00000000028e5000 Uncommon trap: reason=class_check action=maybe_recompile pc=0x00007f2174df50b0 method=sun.awt.X11.XToolkit.dispatchEvent(Lsun/awt/X11/XEvent;)V @ 159

Internal exceptions (10 events):
Event: 245.316 Thread 0x00000000028ea000 Threw 0x00000000fc077e90 at /build/openjdk-7-9duhBW/openjdk-7-7u101-2.6.6/build/openjdk/hotspot/src/share/vm/prims/jvm.cpp:1322
Event: 245.316 Thread 0x00000000028ea000 Threw 0x00000000fc07f8d0 at /build/openjdk-7-9duhBW/openjdk-7-7u101-2.6.6/build/openjdk/hotspot/src/share/vm/prims/jvm.cpp:1322
Event: 245.317 Thread 0x00000000028ea000 Threw 0x00000000fc087d20 at /build/openjdk-7-9duhBW/openjdk-7-7u101-2.6.6/build/openjdk/hotspot/src/share/vm/prims/jvm.cpp:1322
Event: 245.317 Thread 0x00000000028ea000 Threw 0x00000000fc08f820 at /build/openjdk-7-9duhBW/openjdk-7-7u101-2.6.6/build/openjdk/hotspot/src/share/vm/prims/jvm.cpp:1322
Event: 245.317 Thread 0x00000000028ea000 Threw 0x00000000fc0975e0 at /build/openjdk-7-9duhBW/openjdk-7-7u101-2.6.6/build/openjdk/hotspot/src/share/vm/prims/jvm.cpp:1322
Event: 245.318 Thread 0x00000000028ea000 Threw 0x00000000fc09ea70 at /build/openjdk-7-9duhBW/openjdk-7-7u101-2.6.6/build/openjdk/hotspot/src/share/vm/prims/jvm.cpp:1322
Event: 245.319 Thread 0x00000000028ea000 Threw 0x00000000fc0a55a8 at /build/openjdk-7-9duhBW/openjdk-7-7u101-2.6.6/build/openjdk/hotspot/src/share/vm/prims/jvm.cpp:1322
Event: 245.319 Thread 0x00000000028ea000 Threw 0x00000000fc0ac720 at /build/openjdk-7-9duhBW/openjdk-7-7u101-2.6.6/build/openjdk/hotspot/src/share/vm/prims/jvm.cpp:1322
Event: 245.364 Thread 0x00000000028ea000 Threw 0x00000000fc119a88 at /build/openjdk-7-9duhBW/openjdk-7-7u101-2.6.6/build/openjdk/hotspot/src/share/vm/prims/jvm.cpp:1322
Event: 245.365 Thread 0x00000000028ea000 Threw 0x00000000fc11daf0 at /build/openjdk-7-9duhBW/openjdk-7-7u101-2.6.6/build/openjdk/hotspot/src/share/vm/prims/jvm.cpp:1322

Events (10 events):
Event: 3951.107 Thread 0x00000000028e5000 Uncommon trap: trap_request=0xffffffde fr.pc=0x00007f2174df50b0
Event: 3951.107 Thread 0x00000000028e5000 DEOPT PACKING pc=0x00007f2174df50b0 sp=0x00007f213bffe860
Event: 3951.107 Thread 0x00000000028e5000 DEOPT UNPACKING pc=0x00007f2174bf2445 sp=0x00007f213bffe860 mode 2
Event: 3951.115 loading class 0x00007f21441025f0
Event: 3951.116 loading class 0x00007f21441025f0 done
Event: 3951.151 Thread 0x00007f213400b000 Thread added: 0x00007f213400b000
Event: 3951.152 Thread 0x00007f213400c000 Thread added: 0x00007f213400c000
Event: 3951.315 Thread 0x00000000028e5000 Uncommon trap: trap_request=0xffffffde fr.pc=0x00007f2174df50b0
Event: 3951.315 Thread 0x00000000028e5000 DEOPT PACKING pc=0x00007f2174df50b0 sp=0x00007f213bffe860
Event: 3951.315 Thread 0x00000000028e5000 DEOPT UNPACKING pc=0x00007f2174bf2445 sp=0x00007f213bffe860 mode 2


Dynamic libraries:
00400000-00402000 r-xp 00000000 08:08 839397                             /usr/bin/scilab-bin
00602000-00603000 r--p 00002000 08:08 839397                             /usr/bin/scilab-bin
00603000-00604000 rw-p 00003000 08:08 839397                             /usr/bin/scilab-bin
02518000-03549000 rw-p 00000000 00:00 0                                  [heap]
e5a00000-e9d80000 rw-p 00000000 00:00 0 
e9d80000-f0000000 rw-p 00000000 00:00 0 
f0000000-f6500000 rw-p 00000000 00:00 0 
f6500000-faa80000 rw-p 00000000 00:00 0 
faa80000-100000000 rw-p 00000000 00:00 0 
7f20eb007000-7f20ec673000 r-xp 00000000 08:08 3549                       /usr/lib/x86_64-linux-gnu/libicudata.so.52.1
7f20ec673000-7f20ec872000 ---p 0166c000 08:08 3549                       /usr/lib/x86_64-linux-gnu/libicudata.so.52.1
7f20ec872000-7f20ec873000 r--p 0166b000 08:08 3549                       /usr/lib/x86_64-linux-gnu/libicudata.so.52.1
7f20ec873000-7f20ec874000 rw-p 0166c000 08:08 3549                       /usr/lib/x86_64-linux-gnu/libicudata.so.52.1
7f20ec874000-7f20ec898000 r-xp 00000000 08:08 8217                       /usr/lib/x86_64-linux-gnu/libv4lconvert.so.0.0.0
7f20ec898000-7f20eca98000 ---p 00024000 08:08 8217                       /usr/lib/x86_64-linux-gnu/libv4lconvert.so.0.0.0
7f20eca98000-7f20eca9a000 r--p 00024000 08:08 8217                       /usr/lib/x86_64-linux-gnu/libv4lconvert.so.0.0.0
7f20eca9a000-7f20eca9b000 rw-p 00026000 08:08 8217                       /usr/lib/x86_64-linux-gnu/libv4lconvert.so.0.0.0
7f20eca9b000-7f20ecaed000 rw-p 00000000 00:00 0 
7f20ecaed000-7f20ecc51000 r-xp 00000000 08:08 3545                       /usr/lib/x86_64-linux-gnu/libicuuc.so.52.1
7f20ecc51000-7f20ece50000 ---p 00164000 08:08 3545                       /usr/lib/x86_64-linux-gnu/libicuuc.so.52.1
7f20ece50000-7f20ece61000 r--p 00163000 08:08 3545                       /usr/lib/x86_64-linux-gnu/libicuuc.so.52.1
7f20ece61000-7f20ece62000 rw-p 00174000 08:08 3545                       /usr/lib/x86_64-linux-gnu/libicuuc.so.52.1
7f20ece62000-7f20ece66000 rw-p 00000000 00:00 0 
7f20ece66000-7f20ed05e000 r-xp 00000000 08:08 3543                       /usr/lib/x86_64-linux-gnu/libicui18n.so.52.1
7f20ed05e000-7f20ed25e000 ---p 001f8000 08:08 3543                       /usr/lib/x86_64-linux-gnu/libicui18n.so.52.1
7f20ed25e000-7f20ed26b000 r--p 001f8000 08:08 3543                       /usr/lib/x86_64-linux-gnu/libicui18n.so.52.1
7f20ed26b000-7f20ed26c000 rw-p 00205000 08:08 3543                       /usr/lib/x86_64-linux-gnu/libicui18n.so.52.1
7f20ed26c000-7f20ed26d000 rw-p 00000000 00:00 0 
7f20ed26d000-7f20ed27c000 r-xp 00000000 08:08 788168                     /lib/x86_64-linux-gnu/libbz2.so.1.0.4
7f20ed27c000-7f20ed47b000 ---p 0000f000 08:08 788168                     /lib/x86_64-linux-gnu/libbz2.so.1.0.4
7f20ed47b000-7f20ed47c000 r--p 0000e000 08:08 788168                     /lib/x86_64-linux-gnu/libbz2.so.1.0.4
7f20ed47c000-7f20ed47d000 rw-p 0000f000 08:08 788168                     /lib/x86_64-linux-gnu/libbz2.so.1.0.4
7f20ed47d000-7f20ed495000 r-xp 00000000 08:08 13418                      /usr/local/lib/libswresample.so.1.2.101
7f20ed495000-7f20ed694000 ---p 00018000 08:08 13418                      /usr/local/lib/libswresample.so.1.2.101
7f20ed694000-7f20ed696000 r--p 00017000 08:08 13418                      /usr/local/lib/libswresample.so.1.2.101
7f20ed696000-7f20ed697000 rw-p 00019000 08:08 13418                      /usr/local/lib/libswresample.so.1.2.101
7f20ed697000-7f20ed6a0000 r-xp 00000000 08:08 8215                       /usr/lib/x86_64-linux-gnu/libv4l2.so.0.0.0
7f20ed6a0000-7f20ed89f000 ---p 00009000 08:08 8215                       /usr/lib/x86_64-linux-gnu/libv4l2.so.0.0.0
7f20ed89f000-7f20ed8a0000 r--p 00008000 08:08 8215                       /usr/lib/x86_64-linux-gnu/libv4l2.so.0.0.0
7f20ed8a0000-7f20ed8a5000 rw-p 00009000 08:08 8215                       /usr/lib/x86_64-linux-gnu/libv4l2.so.0.0.0
7f20ed8a5000-7f20ed8ba000 r-xp 00000000 08:08 788323                     /lib/x86_64-linux-gnu/libusb-1.0.so.0.1.0
7f20ed8ba000-7f20edaba000 ---p 00015000 08:08 788323                     /lib/x86_64-linux-gnu/libusb-1.0.so.0.1.0
7f20edaba000-7f20edabb000 r--p 00015000 08:08 788323                     /lib/x86_64-linux-gnu/libusb-1.0.so.0.1.0
7f20edabb000-7f20edabc000 rw-p 00016000 08:08 788323                     /lib/x86_64-linux-gnu/libusb-1.0.so.0.1.0
7f20edabc000-7f20edac9000 r-xp 00000000 08:08 8042                       /usr/lib/x86_64-linux-gnu/libraw1394.so.11.1.0
7f20edac9000-7f20edcc8000 ---p 0000d000 08:08 8042                       /usr/lib/x86_64-linux-gnu/libraw1394.so.11.1.0
7f20edcc8000-7f20edcc9000 r--p 0000c000 08:08 8042                       /usr/lib/x86_64-linux-gnu/libraw1394.so.11.1.0
7f20edcc9000-7f20edcca000 rw-p 0000d000 08:08 8042                       /usr/lib/x86_64-linux-gnu/libraw1394.so.11.1.0
7f20edcca000-7f20edd47000 r-xp 00000000 08:08 7951                       /usr/lib/x86_64-linux-gnu/liborc-0.4.so.0.18.0
7f20edd47000-7f20edf46000 ---p 0007d000 08:08 7951                       /usr/lib/x86_64-linux-gnu/liborc-0.4.so.0.18.0
7f20edf46000-7f20edf48000 r--p 0007c000 08:08 7951                       /usr/lib/x86_64-linux-gnu/liborc-0.4.so.0.18.0
7f20edf48000-7f20edf4c000 rw-p 0007e000 08:08 7951                       /usr/lib/x86_64-linux-gnu/liborc-0.4.so.0.18.0
7f20edf4c000-7f20edf9f000 r-xp 00000000 08:08 7678                       /usr/lib/x86_64-linux-gnu/libgstbase-0.10.so.0.30.0
7f20edf9f000-7f20ee19e000 ---p 00053000 08:08 7678                       /usr/lib/x86_64-linux-gnu/libgstbase-0.10.so.0.30.0
7f20ee19e000-7f20ee19f000 r--p 00052000 08:08 7678                       /usr/lib/x86_64-linux-gnu/libgstbase-0.10.so.0.30.0
7f20ee19f000-7f20ee1a0000 rw-p 00053000 08:08 7678                       /usr/lib/x86_64-linux-gnu/libgstbase-0.10.so.0.30.0
7f20ee1a0000-7f20ee1a5000 r-xp 00000000 08:08 28548                      /usr/lib/x86_64-linux-gnu/libIlmThread-2_1.so.11.0.0
7f20ee1a5000-7f20ee3a5000 ---p 00005000 08:08 28548                      /usr/lib/x86_64-linux-gnu/libIlmThread-2_1.so.11.0.0
7f20ee3a5000-7f20ee3a6000 r--p 00005000 08:08 28548                      /usr/lib/x86_64-linux-gnu/libIlmThread-2_1.so.11.0.0
7f20ee3a6000-7f20ee3a7000 rw-p 00006000 08:08 28548                      /usr/lib/x86_64-linux-gnu/libIlmThread-2_1.so.11.0.0
7f20ee3a7000-7f20ee3c2000 r-xp 00000000 08:08 28546                      /usr/lib/x86_64-linux-gnu/libIex-2_1.so.11.0.0
7f20ee3c2000-7f20ee5c1000 ---p 0001b000 08:08 28546                      /usr/lib/x86_64-linux-gnu/libIex-2_1.so.11.0.0
7f20ee5c1000-7f20ee5c5000 r--p 0001a000 08:08 28546                      /usr/lib/x86_64-linux-gnu/libIex-2_1.so.11.0.0
7f20ee5c5000-7f20ee5c6000 rw-p 0001e000 08:08 28546                      /usr/lib/x86_64-linux-gnu/libIex-2_1.so.11.0.0
7f20ee5c6000-7f20ee5d1000 r-xp 00000000 08:08 7826                       /usr/lib/x86_64-linux-gnu/libjbig.so.0
7f20ee5d1000-7f20ee7d0000 ---p 0000b000 08:08 7826                       /usr/lib/x86_64-linux-gnu/libjbig.so.0
7f20ee7d0000-7f20ee7d1000 r--p 0000a000 08:08 7826                       /usr/lib/x86_64-linux-gnu/libjbig.so.0
7f20ee7d1000-7f20ee7d4000 rw-p 0000b000 08:08 7826                       /usr/lib/x86_64-linux-gnu/libjbig.so.0
7f20ee7d4000-7f20eec6e000 r-xp 00000000 08:08 2133                       /usr/lib/x86_64-linux-gnu/libQt5Core.so.5.2.1
7f20eec6e000-7f20eee6d000 ---p 0049a000 08:08 2133                       /usr/lib/x86_64-linux-gnu/libQt5Core.so.5.2.1
7f20eee6d000-7f20eee77000 r--p 00499000 08:08 2133                       /usr/lib/x86_64-linux-gnu/libQt5Core.so.5.2.1
7f20eee77000-7f20eee78000 rw-p 004a3000 08:08 2133                       /usr/lib/x86_64-linux-gnu/libQt5Core.so.5.2.1
7f20eee78000-7f20eee7a000 rw-p 00000000 00:00 0 
7f20eee7a000-7f20ef475000 r-xp 00000000 08:08 2147                       /usr/lib/x86_64-linux-gnu/libQt5Widgets.so.5.2.1
7f20ef475000-7f20ef674000 ---p 005fb000 08:08 2147                       /usr/lib/x86_64-linux-gnu/libQt5Widgets.so.5.2.1
7f20ef674000-7f20ef69e000 r--p 005fa000 08:08 2147                       /usr/lib/x86_64-linux-gnu/libQt5Widgets.so.5.2.1
7f20ef69e000-7f20ef6a2000 rw-p 00624000 08:08 2147                       /usr/lib/x86_64-linux-gnu/libQt5Widgets.so.5.2.1
7f20ef6a2000-7f20ef6a3000 rw-p 00000000 00:00 0 
7f20ef6a3000-7f20f42f3000 rw-p 00000000 00:00 0 
7f20f436f000-7f20f47a1000 r-xp 00000000 08:08 2141                       /usr/lib/x86_64-linux-gnu/libQt5Gui.so.5.2.1
7f20f47a1000-7f20f49a0000 ---p 00432000 08:08 2141                       /usr/lib/x86_64-linux-gnu/libQt5Gui.so.5.2.1
7f20f49a0000-7f20f49b4000 r--p 00431000 08:08 2141                       /usr/lib/x86_64-linux-gnu/libQt5Gui.so.5.2.1
7f20f49b4000-7f20f49bb000 rw-p 00445000 08:08 2141                       /usr/lib/x86_64-linux-gnu/libQt5Gui.so.5.2.1
7f20f49bb000-7f20f49bc000 rw-p 00000000 00:00 0 
7f20f49bc000-7f20f4a1d000 r-xp 00000000 08:08 2150                       /usr/lib/x86_64-linux-gnu/libQt5OpenGL.so.5.2.1
7f20f4a1d000-7f20f4c1c000 ---p 00061000 08:08 2150                       /usr/lib/x86_64-linux-gnu/libQt5OpenGL.so.5.2.1
7f20f4c1c000-7f20f4c1e000 r--p 00060000 08:08 2150                       /usr/lib/x86_64-linux-gnu/libQt5OpenGL.so.5.2.1
7f20f4c1e000-7f20f4c1f000 rw-p 00062000 08:08 2150                       /usr/lib/x86_64-linux-gnu/libQt5OpenGL.so.5.2.1
7f20f4c1f000-7f20f4c20000 rw-p 00000000 00:00 0 
7f20f4c20000-7f20f4c47000 r-xp 00000000 08:08 2159                       /usr/lib/x86_64-linux-gnu/libQt5Test.so.5.2.1
7f20f4c47000-7f20f4e47000 ---p 00027000 08:08 2159                       /usr/lib/x86_64-linux-gnu/libQt5Test.so.5.2.1
7f20f4e47000-7f20f4e48000 r--p 00027000 08:08 2159                       /usr/lib/x86_64-linux-gnu/libQt5Test.so.5.2.1
7f20f4e48000-7f20f4e49000 rw-p 00028000 08:08 2159                       /usr/lib/x86_64-linux-gnu/libQt5Test.so.5.2.1
7f20f4e49000-7f20f4ec5000 r-xp 00000000 08:08 13869                      /usr/local/lib/libswscale.so.3.1.101
7f20f4ec5000-7f20f50c5000 ---p 0007c000 08:08 13869                      /usr/local/lib/libswscale.so.3.1.101
7f20f50c5000-7f20f50c6000 r--p 0007c000 08:08 13869                      /usr/local/lib/libswscale.so.3.1.101
7f20f50c6000-7f20f50c7000 rw-p 0007d000 08:08 13869                      /usr/local/lib/libswscale.so.3.1.101
7f20f50c7000-7f20f50cf000 rw-p 00000000 00:00 0 
7f20f50cf000-7f20f511d000 r-xp 00000000 08:08 13872                      /usr/local/lib/libavutil.so.54.31.100
7f20f511d000-7f20f531c000 ---p 0004e000 08:08 13872                      /usr/local/lib/libavutil.so.54.31.100
7f20f531c000-7f20f5322000 r--p 0004d000 08:08 13872                      /usr/local/lib/libavutil.so.54.31.100
7f20f5322000-7f20f5323000 rw-p 00053000 08:08 13872                      /usr/local/lib/libavutil.so.54.31.100
7f20f5323000-7f20f5337000 rw-p 00000000 00:00 0 
7f20f5337000-7f20f54f9000 r-xp 00000000 08:08 13412                      /usr/local/lib/libavformat.so.56.40.101
7f20f54f9000-7f20f56f8000 ---p 001c2000 08:08 13412                      /usr/local/lib/libavformat.so.56.40.101
7f20f56f8000-7f20f570b000 r--p 001c1000 08:08 13412                      /usr/local/lib/libavformat.so.56.40.101
7f20f570b000-7f20f5721000 rw-p 001d4000 08:08 13412                      /usr/local/lib/libavformat.so.56.40.101
7f20f5721000-7f20f614d000 r-xp 00000000 08:08 13415                      /usr/local/lib/libavcodec.so.56.60.100
7f20f614d000-7f20f634c000 ---p 00a2c000 08:08 13415                      /usr/local/lib/libavcodec.so.56.60.100
7f20f634c000-7f20f6371000 r--p 00a2b000 08:08 13415                      /usr/local/lib/libavcodec.so.56.60.100
7f20f6371000-7f20f6392000 rw-p 00a50000 08:08 13415                      /usr/local/lib/libavcodec.so.56.60.100
7f20f6392000-7f20f6a16000 rw-p 00000000 00:00 0 
7f20f6a16000-7f20f6a1b000 r-xp 00000000 08:08 8213                       /usr/lib/x86_64-linux-gnu/libv4l1.so.0.0.0
7f20f6a1b000-7f20f6c1a000 ---p 00005000 08:08 8213                       /usr/lib/x86_64-linux-gnu/libv4l1.so.0.0.0
7f20f6c1a000-7f20f6c1b000 r--p 00004000 08:08 8213                       /usr/lib/x86_64-linux-gnu/libv4l1.so.0.0.0
7f20f6c1b000-7f20f6c1c000 rw-p 00005000 08:08 8213                       /usr/lib/x86_64-linux-gnu/libv4l1.so.0.0.0
7f20f6c1c000-7f20f6c4e000 r-xp 00000000 08:08 4086                       /usr/lib/x86_64-linux-gnu/libdc1394.so.22.1.8
7f20f6c4e000-7f20f6e4e000 ---p 00032000 08:08 4086                       /usr/lib/x86_64-linux-gnu/libdc1394.so.22.1.8
7f20f6e4e000-7f20f6e4f000 r--p 00032000 08:08 4086                       /usr/lib/x86_64-linux-gnu/libdc1394.so.22.1.8
7f20f6e4f000-7f20f6e50000 rw-p 00033000 08:08 4086                       /usr/lib/x86_64-linux-gnu/libdc1394.so.22.1.8
7f20f6e50000-7f20f6e90000 rw-p 00000000 00:00 0 
7f20f6e90000-7f20f6eaa000 r-xp 00000000 08:08 7742                       /usr/lib/x86_64-linux-gnu/libgstvideo-0.10.so.0.25.0
7f20f6eaa000-7f20f70aa000 ---p 0001a000 08:08 7742                       /usr/lib/x86_64-linux-gnu/libgstvideo-0.10.so.0.25.0
7f20f70aa000-7f20f70ab000 r--p 0001a000 08:08 7742                       /usr/lib/x86_64-linux-gnu/libgstvideo-0.10.so.0.25.0
7f20f70ab000-7f20f70ac000 rw-p 0001b000 08:08 7742                       /usr/lib/x86_64-linux-gnu/libgstvideo-0.10.so.0.25.0
7f20f70ac000-7f20f718e000 r-xp 00000000 08:08 7718                       /usr/lib/x86_64-linux-gnu/libgstreamer-0.10.so.0.30.0
7f20f718e000-7f20f738d000 ---p 000e2000 08:08 7718                       /usr/lib/x86_64-linux-gnu/libgstreamer-0.10.so.0.30.0
7f20f738d000-7f20f7392000 r--p 000e1000 08:08 7718                       /usr/lib/x86_64-linux-gnu/libgstreamer-0.10.so.0.30.0
7f20f7392000-7f20f7394000 rw-p 000e6000 08:08 7718                       /usr/lib/x86_64-linux-gnu/libgstreamer-0.10.so.0.30.0
7f20f7394000-7f20f7396000 rw-p 00000000 00:00 0 
7f20f7396000-7f20f73d8000 r-xp 00000000 08:08 28545                      /usr/lib/x86_64-linux-gnu/libHalf.so.11.0.0
7f20f73d8000-7f20f75d7000 ---p 00042000 08:08 28545                      /usr/lib/x86_64-linux-gnu/libHalf.so.11.0.0
7f20f75d7000-7f20f75d8000 r--p 00041000 08:08 28545                      /usr/lib/x86_64-linux-gnu/libHalf.so.11.0.0
7f20f75d8000-7f20f75d9000 rw-p 00042000 08:08 28545                      /usr/lib/x86_64-linux-gnu/libHalf.so.11.0.0
7f20f75d9000-7f20f76df000 r-xp 00000000 08:08 28554                      /usr/lib/x86_64-linux-gnu/libIlmImf-Imf_2_1.so.21.0.0
7f20f76df000-7f20f78de000 ---p 00106000 08:08 28554                      /usr/lib/x86_64-linux-gnu/libIlmImf-Imf_2_1.so.21.0.0
7f20f78de000-7f20f78e1000 r--p 00105000 08:08 28554                      /usr/lib/x86_64-linux-gnu/libIlmImf-Imf_2_1.so.21.0.0
7f20f78e1000-7f20f78e2000 rw-p 00108000 08:08 28554                      /usr/lib/x86_64-linux-gnu/libIlmImf-Imf_2_1.so.21.0.0
7f20f78e2000-7f20f792e000 r-xp 00000000 08:08 11014                      /usr/lib/x86_64-linux-gnu/libjasper.so.1.0.0
7f20f792e000-7f20f7b2d000 ---p 0004c000 08:08 11014                      /usr/lib/x86_64-linux-gnu/libjasper.so.1.0.0
7f20f7b2d000-7f20f7b2e000 r--p 0004b000 08:08 11014                      /usr/lib/x86_64-linux-gnu/libjasper.so.1.0.0
7f20f7b2e000-7f20f7b32000 rw-p 0004c000 08:08 11014                      /usr/lib/x86_64-linux-gnu/libjasper.so.1.0.0
7f20f7b32000-7f20f7b39000 rw-p 00000000 00:00 0 
7f20f7b39000-7f20f7ba7000 r-xp 00000000 08:08 66                         /usr/lib/x86_64-linux-gnu/libtiff.so.5.2.0
7f20f7ba7000-7f20f7da7000 ---p 0006e000 08:08 66                         /usr/lib/x86_64-linux-gnu/libtiff.so.5.2.0
7f20f7da7000-7f20f7da8000 r--p 0006e000 08:08 66                         /usr/lib/x86_64-linux-gnu/libtiff.so.5.2.0
7f20f7da8000-7f20f7dab000 rw-p 0006f000 08:08 66                         /usr/lib/x86_64-linux-gnu/libtiff.so.5.2.0
7f20f7dab000-7f20f7dee000 r-xp 00000000 08:08 7828                       /usr/lib/x86_64-linux-gnu/libjpeg.so.8.0.2
7f20f7dee000-7f20f7fee000 ---p 00043000 08:08 7828                       /usr/lib/x86_64-linux-gnu/libjpeg.so.8.0.2
7f20f7fee000-7f20f7fef000 r--p 00043000 08:08 7828                       /usr/lib/x86_64-linux-gnu/libjpeg.so.8.0.2
7f20f7fef000-7f20f7ff0000 rw-p 00044000 08:08 7828                       /usr/lib/x86_64-linux-gnu/libjpeg.so.8.0.2
7f20f7ff0000-7f20f8000000 rw-p 00000000 00:00 0 
7f20f8000000-7f20f8102000 rw-p 00000000 00:00 0 
7f20f8102000-7f20fc000000 ---p 00000000 00:00 0 
7f20fc000000-7f20fc021000 rw-p 00000000 00:00 0 
7f20fc021000-7f2100000000 ---p 00000000 00:00 0 
7f2100000000-7f2100022000 rw-p 00000000 00:00 0 
7f2100022000-7f2104000000 ---p 00000000 00:00 0 
7f2104000000-7f21040ad000 rw-p 00000000 00:00 0 
7f21040ad000-7f2108000000 ---p 00000000 00:00 0 
7f2108000000-7f2108022000 rw-p 00000000 00:00 0 
7f2108022000-7f210c000000 ---p 00000000 00:00 0 
7f210c004000-7f210c00f000 r-xp 00000000 08:08 7670                       /usr/lib/x86_64-linux-gnu/libgstapp-0.10.so.0.25.0
7f210c00f000-7f210c20e000 ---p 0000b000 08:08 7670                       /usr/lib/x86_64-linux-gnu/libgstapp-0.10.so.0.25.0
7f210c20e000-7f210c20f000 r--p 0000a000 08:08 7670                       /usr/lib/x86_64-linux-gnu/libgstapp-0.10.so.0.25.0
7f210c20f000-7f210c210000 rw-p 0000b000 08:08 7670                       /usr/lib/x86_64-linux-gnu/libgstapp-0.10.so.0.25.0
7f210c210000-7f210c23f000 r-xp 00000000 08:08 820852                     /usr/lib/libtbb.so.2
7f210c23f000-7f210c43e000 ---p 0002f000 08:08 820852                     /usr/lib/libtbb.so.2
7f210c43e000-7f210c440000 r--p 0002e000 08:08 820852                     /usr/lib/libtbb.so.2
7f210c440000-7f210c442000 rw-p 00030000 08:08 820852                     /usr/lib/libtbb.so.2
7f210c442000-7f210c444000 rw-p 00000000 00:00 0 
7f210c444000-7f210c49c000 r-xp 00000000 08:08 12723                      /usr/local/lib/libopencv_video.so.2.4.9
7f210c49c000-7f210c69b000 ---p 00058000 08:08 12723                      /usr/local/lib/libopencv_video.so.2.4.9
7f210c69b000-7f210c69c000 r